
> vibe-shopify-store@0.1.0 build
> next build

   ▲ Next.js 15.1.0
   - Environments: .env.local

   Creating an optimized production build ...
Failed to compile.

./node_modules/next/dist/build/webpack/loaders/next-app-loader/index.js?name=app%2Fproduct%2F%5Bhandle%5D%2Fpage&page=%2Fproduct%2F%5Bhandle%5D%2Fpage&pagePath=private-next-app-dir%2Fproduct%2F%5Bhandle%5D%2Fpage.tsx&appDir=C%3A%5Cvibe-shopify-store%5Csrc%5Capp&appPaths=%2Fproduct%2F%5Bhandle%5D%2Fpage&pageExtensions=tsx&pageExtensions=ts&pageExtensions=jsx&pageExtensions=js&basePath=&assetPrefix=&nextConfigOutput=&preferredRegion=&middlewareConfig=e30%3D!./src/app/product/[handle]/page.tsx?__next_edge_ssr_entry__
Error:   [31mx[0m Unexpected token `div`. Expected jsx identifier
    ,-[[36;1;4mC:\vibe-shopify-store\src\app\product\[handle]\page.tsx[0m:77:1]
 [2m74[0m |     const price = product.priceRange.minVariantPrice;
 [2m75[0m | 
 [2m76[0m |     return (
 [2m77[0m |         <div className="container mx-auto px-6 py-24 pb-48">
    : [35;1m         ^^^[0m
 [2m78[0m |             <div className="grid grid-cols-1 md:grid-cols-2 gap-12 lg:gap-24">
 [2m79[0m | 
 [2m79[0m |                 {/* Image Gallery - Scrollable vertically on desktop */}
    `----

Caused by:
    Syntax Error

Import trace for requested module:
./node_modules/next/dist/build/webpack/loaders/next-app-loader/index.js?name=app%2Fproduct%2F%5Bhandle%5D%2Fpage&page=%2Fproduct%2F%5Bhandle%5D%2Fpage&pagePath=private-next-app-dir%2Fproduct%2F%5Bhandle%5D%2Fpage.tsx&appDir=C%3A%5Cvibe-shopify-store%5Csrc%5Capp&appPaths=%2Fproduct%2F%5Bhandle%5D%2Fpage&pageExtensions=tsx&pageExtensions=ts&pageExtensions=jsx&pageExtensions=js&basePath=&assetPrefix=&nextConfigOutput=&preferredRegion=&middlewareConfig=e30%3D!./src/app/product/[handle]/page.tsx?__next_edge_ssr_entry__


> Build failed because of webpack errors
